ERROR - 2023-12-02 06:04:01 --> mysqli_sql_exception: Table 'resep' already exists in C:\Users\LENOVO\New folder\kuliah\pemrograman framework\fpframework\backend\system\Database\MySQLi\Connection.php:306
Stack trace:
#0 C:\Users\LENOVO\New folder\kuliah\pemrograman framework\fpframework\backend\system\Database\MySQLi\Connection.php(306): mysqli->query('CREATE TABLE `r...', 0)
#1 C:\Users\LENOVO\New folder\kuliah\pemrograman framework\fpframework\backend\system\Database\BaseConnection.php(692): CodeIgniter\Database\MySQLi\Connection->execute('CREATE TABLE `r...')
#2 C:\Users\LENOVO\New folder\kuliah\pemrograman framework\fpframework\backend\system\Database\BaseConnection.php(606): CodeIgniter\Database\BaseConnection->simpleQuery('CREATE TABLE `r...')
#3 C:\Users\LENOVO\New folder\kuliah\pemrograman framework\fpframework\backend\system\Database\Forge.php(546): CodeIgniter\Database\BaseConnection->query('CREATE TABLE `r...')
#4 C:\Users\LENOVO\New folder\kuliah\pemrograman framework\fpframework\backend\app\Database\Migrations\2023-12-02-060226_Resep.php(43): CodeIgniter\Database\Forge->createTable('resep')
#5 C:\Users\LENOVO\New folder\kuliah\pemrograman framework\fpframework\backend\system\Database\MigrationRunner.php(877): App\Database\Migrations\Resep->up()
#6 C:\Users\LENOVO\New folder\kuliah\pemrograman framework\fpframework\backend\system\Database\MigrationRunner.php(188): CodeIgniter\Database\MigrationRunner->migrate('up', Object(stdClass))
#7 C:\Users\LENOVO\New folder\kuliah\pemrograman framework\fpframework\backend\system\Commands\Database\Migrate.php(84): CodeIgniter\Database\MigrationRunner->latest(NULL)
#8 C:\Users\LENOVO\New folder\kuliah\pemrograman framework\fpframework\backend\system\CLI\Commands.php(65): CodeIgniter\Commands\Database\Migrate->run(Array)
#9 C:\Users\LENOVO\New folder\kuliah\pemrograman framework\fpframework\backend\system\CLI\Console.php(37): CodeIgniter\CLI\Commands->run('migrate', Array)
#10 C:\Users\LENOVO\New folder\kuliah\pemrograman framework\fpframework\backend\spark(102): CodeIgniter\CLI\Console->run()
#11 {main}
ERROR - 2023-12-02 06:04:33 --> mysqli_sql_exception: Table 'resep' already exists in C:\Users\LENOVO\New folder\kuliah\pemrograman framework\fpframework\backend\system\Database\MySQLi\Connection.php:306
Stack trace:
#0 C:\Users\LENOVO\New folder\kuliah\pemrograman framework\fpframework\backend\system\Database\MySQLi\Connection.php(306): mysqli->query('CREATE TABLE `r...', 0)
#1 C:\Users\LENOVO\New folder\kuliah\pemrograman framework\fpframework\backend\system\Database\BaseConnection.php(692): CodeIgniter\Database\MySQLi\Connection->execute('CREATE TABLE `r...')
#2 C:\Users\LENOVO\New folder\kuliah\pemrograman framework\fpframework\backend\system\Database\BaseConnection.php(606): CodeIgniter\Database\BaseConnection->simpleQuery('CREATE TABLE `r...')
#3 C:\Users\LENOVO\New folder\kuliah\pemrograman framework\fpframework\backend\system\Database\Forge.php(546): CodeIgniter\Database\BaseConnection->query('CREATE TABLE `r...')
#4 C:\Users\LENOVO\New folder\kuliah\pemrograman framework\fpframework\backend\app\Database\Migrations\2023-12-02-060226_Resep.php(43): CodeIgniter\Database\Forge->createTable('resep')
#5 C:\Users\LENOVO\New folder\kuliah\pemrograman framework\fpframework\backend\system\Database\MigrationRunner.php(877): App\Database\Migrations\Resep->up()
#6 C:\Users\LENOVO\New folder\kuliah\pemrograman framework\fpframework\backend\system\Database\MigrationRunner.php(188): CodeIgniter\Database\MigrationRunner->migrate('up', Object(stdClass))
#7 C:\Users\LENOVO\New folder\kuliah\pemrograman framework\fpframework\backend\system\Commands\Database\Migrate.php(84): CodeIgniter\Database\MigrationRunner->latest(NULL)
#8 C:\Users\LENOVO\New folder\kuliah\pemrograman framework\fpframework\backend\system\CLI\Commands.php(65): CodeIgniter\Commands\Database\Migrate->run(Array)
#9 C:\Users\LENOVO\New folder\kuliah\pemrograman framework\fpframework\backend\system\CLI\BaseCommand.php(115): CodeIgniter\CLI\Commands->run('migrate', Array)
#10 C:\Users\LENOVO\New folder\kuliah\pemrograman framework\fpframework\backend\system\Commands\Database\MigrateRefresh.php(85): CodeIgniter\CLI\BaseCommand->call('migrate', Array)
#11 C:\Users\LENOVO\New folder\kuliah\pemrograman framework\fpframework\backend\system\CLI\Commands.php(65): CodeIgniter\Commands\Database\MigrateRefresh->run(Array)
#12 C:\Users\LENOVO\New folder\kuliah\pemrograman framework\fpframework\backend\system\CLI\Console.php(37): CodeIgniter\CLI\Commands->run('migrate:refresh', Array)
#13 C:\Users\LENOVO\New folder\kuliah\pemrograman framework\fpframework\backend\spark(102): CodeIgniter\CLI\Console->run()
#14 {main}
